[2026-02-12 12:51:57] [INFO] Processing file: test-transfers-and-flags.csv
[2026-02-12 12:51:57] [INFO] Parsing CSV file
[2026-02-12 12:51:57] [INFO] Parsed 26 raw rows
[2026-02-12 12:51:57] [INFO] Detected format: Shape A - Standard format (from/to currencies and amounts)
[2026-02-12 12:51:57] [INFO] Validating transactions for Shape A
[2026-02-12 12:51:57] [ERROR] Processing failed: Validation failed
[2026-02-12 12:52:06] [INFO] Processing file: sample-transactions.csv
[2026-02-12 12:52:06] [INFO] Parsing CSV file
[2026-02-12 12:52:06] [INFO] Parsed 10 raw rows
[2026-02-12 12:52:06] [INFO] Detected format: Shape A - Standard format (from/to currencies and amounts)
[2026-02-12 12:52:06] [INFO] Validating transactions for Shape A
[2026-02-12 12:52:06] [INFO] Validation successful
[2026-02-12 12:52:06] [INFO] Normalizing transactions
[2026-02-12 12:52:06] [INFO] Normalized 10 transactions
[2026-02-12 12:52:06] [INFO] Sorting transactions chronologically
[2026-02-12 12:52:06] [INFO] Sorting complete
[2026-02-12 12:52:06] [INFO] Processing complete
[2026-02-12 12:52:24] [INFO] Processing file: test-exchange-format.csv
[2026-02-12 12:52:24] [INFO] Parsing CSV file
[2026-02-12 12:52:24] [INFO] Parsed 5 raw rows
[2026-02-12 12:52:24] [INFO] Detected format: Shape B - Exchange format with trading pair and both amounts
[2026-02-12 12:52:24] [INFO] Validating transactions for Shape B
[2026-02-12 12:52:24] [INFO] Validation successful
[2026-02-12 12:52:24] [INFO] Normalizing transactions
[2026-02-12 12:52:24] [INFO] Normalized 5 transactions
[2026-02-12 12:52:24] [INFO] Sorting transactions chronologically
[2026-02-12 12:52:24] [INFO] Sorting complete
[2026-02-12 12:52:24] [INFO] Processing complete
[2026-02-12 12:52:37] [INFO] Processing file: test-million-gain.csv
[2026-02-12 12:52:37] [INFO] Parsing CSV file
[2026-02-12 12:52:37] [INFO] Parsed 10 raw rows
[2026-02-12 12:52:37] [INFO] Detected format: Shape A - Standard format (from/to currencies and amounts)
[2026-02-12 12:52:37] [INFO] Validating transactions for Shape A
[2026-02-12 12:52:37] [INFO] Validation successful
[2026-02-12 12:52:37] [INFO] Normalizing transactions
[2026-02-12 12:52:37] [INFO] Normalized 10 transactions
[2026-02-12 12:52:37] [INFO] Sorting transactions chronologically
[2026-02-12 12:52:37] [INFO] Sorting complete
[2026-02-12 12:52:37] [INFO] Processing complete
[2026-02-12 12:53:05] [INFO] Processing file: test-south-african-format.csv
[2026-02-12 12:53:05] [INFO] Parsing CSV file
[2026-02-12 12:53:05] [INFO] Parsed 4 raw rows
[2026-02-12 12:53:05] [INFO] Detected format: Shape A - Standard format (from/to currencies and amounts)
[2026-02-12 12:53:05] [INFO] Validating transactions for Shape A
[2026-02-12 12:53:05] [INFO] Validation successful
[2026-02-12 12:53:05] [INFO] Normalizing transactions
[2026-02-12 12:53:05] [INFO] Normalized 4 transactions
[2026-02-12 12:53:05] [INFO] Sorting transactions chronologically
[2026-02-12 12:53:05] [INFO] Sorting complete
[2026-02-12 12:53:05] [INFO] Processing complete
[2026-02-12 12:53:19] [INFO] Processing file: test-transactions.csv
[2026-02-12 12:53:19] [INFO] Parsing CSV file
[2026-02-12 12:53:19] [INFO] Parsed 20 raw rows
[2026-02-12 12:53:19] [INFO] Detected format: Shape A - Standard format (from/to currencies and amounts)
[2026-02-12 12:53:19] [INFO] Validating transactions for Shape A
[2026-02-12 12:53:19] [INFO] Validation successful
[2026-02-12 12:53:19] [INFO] Normalizing transactions
[2026-02-12 12:53:19] [INFO] Normalized 20 transactions
[2026-02-12 12:53:19] [INFO] Sorting transactions chronologically
[2026-02-12 12:53:19] [INFO] Sorting complete
[2026-02-12 12:53:19] [INFO] Processing complete
[2026-02-12 12:53:40] [INFO] Processing file: test-transfers-and-flags.csv
[2026-02-12 12:53:40] [INFO] Parsing CSV file
[2026-02-12 12:53:40] [INFO] Parsed 26 raw rows
[2026-02-12 12:53:40] [INFO] Detected format: Shape A - Standard format (from/to currencies and amounts)
[2026-02-12 12:53:40] [INFO] Validating transactions for Shape A
[2026-02-12 12:53:40] [ERROR] Processing failed: Validation failed
[2026-02-12 13:03:56] [INFO] Processing file: test-exchange-format.csv
[2026-02-12 13:03:56] [INFO] Parsing CSV file
[2026-02-12 13:03:56] [INFO] Parsed 5 raw rows
[2026-02-12 13:03:56] [INFO] Detected format: Shape B - Exchange format with trading pair and both amounts
[2026-02-12 13:03:56] [INFO] Validating transactions for Shape B
[2026-02-12 13:03:56] [INFO] Validation successful
[2026-02-12 13:03:56] [INFO] Normalizing transactions
[2026-02-12 13:03:56] [INFO] Normalized 5 transactions
[2026-02-12 13:03:56] [INFO] Sorting transactions chronologically
[2026-02-12 13:03:56] [INFO] Sorting complete
[2026-02-12 13:03:56] [INFO] Processing complete
[2026-02-12 13:04:07] [INFO] Processing file: sample-transactions.csv
[2026-02-12 13:04:07] [INFO] Parsing CSV file
[2026-02-12 13:04:07] [INFO] Parsed 10 raw rows
[2026-02-12 13:04:07] [INFO] Detected format: Shape A - Standard format (from/to currencies and amounts)
[2026-02-12 13:04:07] [INFO] Validating transactions for Shape A
[2026-02-12 13:04:07] [INFO] Validation successful
[2026-02-12 13:04:07] [INFO] Normalizing transactions
[2026-02-12 13:04:07] [INFO] Normalized 10 transactions
[2026-02-12 13:04:07] [INFO] Sorting transactions chronologically
[2026-02-12 13:04:07] [INFO] Sorting complete
[2026-02-12 13:04:07] [INFO] Processing complete
[2026-02-12 13:04:20] [INFO] Processing file: test-transfers-and-flags.csv
[2026-02-12 13:04:20] [INFO] Parsing CSV file
[2026-02-12 13:04:20] [INFO] Parsed 26 raw rows
[2026-02-12 13:04:20] [INFO] Detected format: Shape A - Standard format (from/to currencies and amounts)
[2026-02-12 13:04:20] [INFO] Validating transactions for Shape A
[2026-02-12 13:04:20] [INFO] Validation successful
[2026-02-12 13:04:20] [INFO] Normalizing transactions
[2026-02-12 13:04:20] [INFO] Normalized 26 transactions
[2026-02-12 13:04:20] [INFO] Sorting transactions chronologically
[2026-02-12 13:04:20] [INFO] Sorting complete
[2026-02-12 13:04:20] [INFO] Processing complete
[2026-02-12 13:04:33] [INFO] Processing file: test-transfers-and-flags.csv
[2026-02-12 13:04:33] [INFO] Parsing CSV file
[2026-02-12 13:04:33] [INFO] Parsed 26 raw rows
[2026-02-12 13:04:33] [INFO] Detected format: Shape A - Standard format (from/to currencies and amounts)
[2026-02-12 13:04:33] [INFO] Validating transactions for Shape A
[2026-02-12 13:04:33] [INFO] Validation successful
[2026-02-12 13:04:33] [INFO] Normalizing transactions
[2026-02-12 13:04:33] [INFO] Normalized 26 transactions
[2026-02-12 13:04:33] [INFO] Sorting transactions chronologically
[2026-02-12 13:04:33] [INFO] Sorting complete
[2026-02-12 13:04:33] [INFO] Processing complete
[2026-02-12 13:04:46] [INFO] Processing file: test-transfers-and-flags.csv
[2026-02-12 13:04:46] [INFO] Parsing CSV file
[2026-02-12 13:04:46] [INFO] Parsed 26 raw rows
[2026-02-12 13:04:46] [INFO] Detected format: Shape A - Standard format (from/to currencies and amounts)
[2026-02-12 13:04:46] [INFO] Validating transactions for Shape A
[2026-02-12 13:04:46] [INFO] Validation successful
[2026-02-12 13:04:46] [INFO] Normalizing transactions
[2026-02-12 13:04:46] [INFO] Normalized 26 transactions
[2026-02-12 13:04:46] [INFO] Sorting transactions chronologically
[2026-02-12 13:04:46] [INFO] Sorting complete
[2026-02-12 13:04:46] [INFO] Processing complete
[2026-02-12 13:04:54] [INFO] Processing file: test-with-exclusion.csv
[2026-02-12 13:04:54] [INFO] Parsing CSV file
[2026-02-12 13:04:54] [INFO] Parsed 6 raw rows
[2026-02-12 13:04:54] [INFO] Detected format: Shape A - Standard format (from/to currencies and amounts)
[2026-02-12 13:04:54] [INFO] Validating transactions for Shape A
[2026-02-12 13:04:54] [INFO] Validation successful
[2026-02-12 13:04:54] [INFO] Normalizing transactions
[2026-02-12 13:04:54] [INFO] Normalized 6 transactions
[2026-02-12 13:04:54] [INFO] Sorting transactions chronologically
[2026-02-12 13:04:54] [INFO] Sorting complete
[2026-02-12 13:04:54] [INFO] Processing complete
[2026-02-12 13:05:31] [INFO] Processing file: test-transfers-and-flags.csv
[2026-02-12 13:05:31] [INFO] Parsing CSV file
[2026-02-12 13:05:31] [INFO] Parsed 26 raw rows
[2026-02-12 13:05:31] [INFO] Detected format: Shape A - Standard format (from/to currencies and amounts)
[2026-02-12 13:05:31] [INFO] Validating transactions for Shape A
[2026-02-12 13:05:31] [INFO] Validation successful
[2026-02-12 13:05:31] [INFO] Normalizing transactions
[2026-02-12 13:05:31] [INFO] Normalized 26 transactions
[2026-02-12 13:05:31] [INFO] Sorting transactions chronologically
[2026-02-12 13:05:31] [INFO] Sorting complete
[2026-02-12 13:05:31] [INFO] Processing complete
[2026-02-12 13:06:08] [INFO] Processing file: test-transfers-and-flags.csv
[2026-02-12 13:06:08] [INFO] Parsing CSV file
[2026-02-12 13:06:08] [INFO] Parsed 26 raw rows
[2026-02-12 13:06:08] [INFO] Detected format: Shape A - Standard format (from/to currencies and amounts)
[2026-02-12 13:06:08] [INFO] Validating transactions for Shape A
[2026-02-12 13:06:08] [INFO] Validation successful
[2026-02-12 13:06:08] [INFO] Normalizing transactions
[2026-02-12 13:06:08] [INFO] Normalized 26 transactions
[2026-02-12 13:06:08] [INFO] Sorting transactions chronologically
[2026-02-12 13:06:08] [INFO] Sorting complete
[2026-02-12 13:06:08] [INFO] Processing complete
[2026-02-12 13:10:09] [INFO] Processing file: test-transfers-and-flags.csv
[2026-02-12 13:10:09] [INFO] Parsing CSV file
[2026-02-12 13:10:09] [INFO] Parsed 26 raw rows
[2026-02-12 13:10:09] [INFO] Detected format: Shape A - Standard format (from/to currencies and amounts)
[2026-02-12 13:10:09] [INFO] Validating transactions for Shape A
[2026-02-12 13:10:09] [INFO] Validation successful
[2026-02-12 13:10:09] [INFO] Normalizing transactions
[2026-02-12 13:10:09] [INFO] Normalized 26 transactions
[2026-02-12 13:10:09] [INFO] Sorting transactions chronologically
[2026-02-12 13:10:09] [INFO] Sorting complete
[2026-02-12 13:10:09] [INFO] Processing complete
[2026-02-12 13:12:40] [INFO] Processing file: test-transfers-and-flags.csv
[2026-02-12 13:12:40] [INFO] Parsing CSV file
[2026-02-12 13:12:40] [INFO] Parsed 27 raw rows
[2026-02-12 13:12:40] [INFO] Detected format: Shape A - Standard format (from/to currencies and amounts)
[2026-02-12 13:12:40] [INFO] Validating transactions for Shape A
[2026-02-12 13:12:40] [INFO] Validation successful
[2026-02-12 13:12:40] [INFO] Normalizing transactions
[2026-02-12 13:12:40] [INFO] Normalized 27 transactions
[2026-02-12 13:12:40] [INFO] Sorting transactions chronologically
[2026-02-12 13:12:40] [INFO] Sorting complete
[2026-02-12 13:12:40] [INFO] Processing complete
[2026-02-12 13:13:30] [INFO] Processing file: test-transfers-and-flags.csv
[2026-02-12 13:13:30] [INFO] Parsing CSV file
[2026-02-12 13:13:30] [INFO] Parsed 27 raw rows
[2026-02-12 13:13:30] [INFO] Detected format: Shape A - Standard format (from/to currencies and amounts)
[2026-02-12 13:13:30] [INFO] Validating transactions for Shape A
[2026-02-12 13:13:30] [INFO] Validation successful
[2026-02-12 13:13:30] [INFO] Normalizing transactions
[2026-02-12 13:13:30] [INFO] Normalized 27 transactions
[2026-02-12 13:13:30] [INFO] Sorting transactions chronologically
[2026-02-12 13:13:30] [INFO] Sorting complete
[2026-02-12 13:13:30] [INFO] Processing complete
[2026-02-12 13:16:39] [INFO] Processing file: test-transfers-and-flags.csv
[2026-02-12 13:16:39] [INFO] Parsing CSV file
[2026-02-12 13:16:39] [INFO] Parsed 27 raw rows
[2026-02-12 13:16:39] [INFO] Detected format: Shape A - Standard format (from/to currencies and amounts)
[2026-02-12 13:16:39] [INFO] Validating transactions for Shape A
[2026-02-12 13:16:39] [INFO] Validation successful
[2026-02-12 13:16:39] [INFO] Normalizing transactions
[2026-02-12 13:16:39] [INFO] Normalized 27 transactions
[2026-02-12 13:16:39] [INFO] Sorting transactions chronologically
[2026-02-12 13:16:39] [INFO] Sorting complete
[2026-02-12 13:16:39] [INFO] Processing complete
[2026-02-12 13:16:51] [INFO] Processing file: sample-transactions.csv
[2026-02-12 13:16:51] [INFO] Parsing CSV file
[2026-02-12 13:16:51] [INFO] Parsed 10 raw rows
[2026-02-12 13:16:51] [INFO] Detected format: Shape A - Standard format (from/to currencies and amounts)
[2026-02-12 13:16:51] [INFO] Validating transactions for Shape A
[2026-02-12 13:16:51] [INFO] Validation successful
[2026-02-12 13:16:51] [INFO] Normalizing transactions
[2026-02-12 13:16:51] [INFO] Normalized 10 transactions
[2026-02-12 13:16:51] [INFO] Sorting transactions chronologically
[2026-02-12 13:16:51] [INFO] Sorting complete
[2026-02-12 13:16:51] [INFO] Processing complete
[2026-02-12 13:17:18] [INFO] Processing file: test-transfers-and-flags.csv
[2026-02-12 13:17:18] [INFO] Parsing CSV file
[2026-02-12 13:17:18] [INFO] Parsed 27 raw rows
[2026-02-12 13:17:18] [INFO] Detected format: Shape A - Standard format (from/to currencies and amounts)
[2026-02-12 13:17:18] [INFO] Validating transactions for Shape A
[2026-02-12 13:17:18] [INFO] Validation successful
[2026-02-12 13:17:18] [INFO] Normalizing transactions
[2026-02-12 13:17:18] [INFO] Normalized 27 transactions
[2026-02-12 13:17:18] [INFO] Sorting transactions chronologically
[2026-02-12 13:17:18] [INFO] Sorting complete
[2026-02-12 13:17:18] [INFO] Processing complete
[2026-02-12 13:19:35] [INFO] Processing file: test-transfers-and-flags.csv
[2026-02-12 13:19:35] [INFO] Parsing CSV file
[2026-02-12 13:19:35] [INFO] Parsed 27 raw rows
[2026-02-12 13:19:35] [INFO] Detected format: Shape A - Standard format (from/to currencies and amounts)
[2026-02-12 13:19:35] [INFO] Validating transactions for Shape A
[2026-02-12 13:19:35] [INFO] Validation successful
[2026-02-12 13:19:35] [INFO] Normalizing transactions
[2026-02-12 13:19:35] [INFO] Normalized 27 transactions
[2026-02-12 13:19:35] [INFO] Sorting transactions chronologically
[2026-02-12 13:19:35] [INFO] Sorting complete
[2026-02-12 13:19:35] [INFO] Processing complete
[2026-02-12 13:19:55] [INFO] Processing file: test-transfers-and-flags.csv
[2026-02-12 13:19:55] [INFO] Parsing CSV file
[2026-02-12 13:19:55] [INFO] Parsed 27 raw rows
[2026-02-12 13:19:55] [INFO] Detected format: Shape A - Standard format (from/to currencies and amounts)
[2026-02-12 13:19:55] [INFO] Validating transactions for Shape A
[2026-02-12 13:19:55] [INFO] Validation successful
[2026-02-12 13:19:55] [INFO] Normalizing transactions
[2026-02-12 13:19:55] [INFO] Normalized 27 transactions
[2026-02-12 13:19:55] [INFO] Sorting transactions chronologically
[2026-02-12 13:19:55] [INFO] Sorting complete
[2026-02-12 13:19:55] [INFO] Processing complete
[2026-02-12 13:20:59] [INFO] Processing file: test-transfers-and-flags.csv
[2026-02-12 13:20:59] [INFO] Parsing CSV file
[2026-02-12 13:20:59] [INFO] Parsed 27 raw rows
[2026-02-12 13:20:59] [INFO] Detected format: Shape A - Standard format (from/to currencies and amounts)
[2026-02-12 13:20:59] [INFO] Validating transactions for Shape A
[2026-02-12 13:20:59] [INFO] Validation successful
[2026-02-12 13:20:59] [INFO] Normalizing transactions
[2026-02-12 13:20:59] [INFO] Normalized 27 transactions
[2026-02-12 13:20:59] [INFO] Sorting transactions chronologically
[2026-02-12 13:20:59] [INFO] Sorting complete
[2026-02-12 13:20:59] [INFO] Processing complete
[2026-02-12 13:22:12] [INFO] Processing file: test-transfers-and-flags.csv
[2026-02-12 13:22:12] [INFO] Parsing CSV file
[2026-02-12 13:22:12] [INFO] Parsed 27 raw rows
[2026-02-12 13:22:12] [INFO] Detected format: Shape A - Standard format (from/to currencies and amounts)
[2026-02-12 13:22:12] [INFO] Validating transactions for Shape A
[2026-02-12 13:22:12] [INFO] Validation successful
[2026-02-12 13:22:12] [INFO] Normalizing transactions
[2026-02-12 13:22:12] [INFO] Normalized 27 transactions
[2026-02-12 13:22:12] [INFO] Sorting transactions chronologically
[2026-02-12 13:22:12] [INFO] Sorting complete
[2026-02-12 13:22:12] [INFO] Processing complete
[2026-02-12 13:25:02] [INFO] Processing file: test-transfers-and-flags.csv
[2026-02-12 13:25:02] [INFO] Parsing CSV file
[2026-02-12 13:25:02] [INFO] Parsed 27 raw rows
[2026-02-12 13:25:02] [INFO] Detected format: Shape A - Standard format (from/to currencies and amounts)
[2026-02-12 13:25:02] [INFO] Validating transactions for Shape A
[2026-02-12 13:25:02] [INFO] Validation successful
[2026-02-12 13:25:02] [INFO] Normalizing transactions
[2026-02-12 13:25:02] [INFO] Normalized 27 transactions
[2026-02-12 13:25:02] [INFO] Sorting transactions chronologically
[2026-02-12 13:25:02] [INFO] Sorting complete
[2026-02-12 13:25:02] [INFO] Processing complete
[2026-02-12 13:28:42] [INFO] Processing file: sample-transactions.csv
[2026-02-12 13:28:42] [INFO] Parsing CSV file
[2026-02-12 13:28:42] [INFO] Parsed 10 raw rows
[2026-02-12 13:28:42] [INFO] Detected format: Shape A - Standard format (from/to currencies and amounts)
[2026-02-12 13:28:42] [INFO] Validating transactions for Shape A
[2026-02-12 13:28:42] [INFO] Validation successful
[2026-02-12 13:28:42] [INFO] Normalizing transactions
[2026-02-12 13:28:42] [INFO] Normalized 10 transactions
[2026-02-12 13:28:42] [INFO] Sorting transactions chronologically
[2026-02-12 13:28:42] [INFO] Sorting complete
[2026-02-12 13:28:42] [INFO] Processing complete
[2026-02-12 13:41:28] [INFO] Processing file: test-transfers-and-flags.csv
[2026-02-12 13:41:28] [INFO] Parsing CSV file
[2026-02-12 13:41:28] [INFO] Parsed 27 raw rows
[2026-02-12 13:41:28] [INFO] Detected format: Shape A - Standard format (from/to currencies and amounts)
[2026-02-12 13:41:28] [INFO] Validating transactions for Shape A
[2026-02-12 13:41:28] [INFO] Validation successful
[2026-02-12 13:41:28] [INFO] Normalizing transactions
[2026-02-12 13:41:28] [INFO] Normalized 27 transactions
[2026-02-12 13:41:28] [INFO] Sorting transactions chronologically
[2026-02-12 13:41:28] [INFO] Sorting complete
[2026-02-12 13:41:28] [INFO] Processing complete
[2026-02-12 13:43:47] [INFO] Processing file: test-ui-transfers-flags.csv
[2026-02-12 13:43:47] [INFO] Parsing CSV file
[2026-02-12 13:43:47] [INFO] Parsed 30 raw rows
[2026-02-12 13:43:47] [INFO] Detected format: Shape A - Standard format (from/to currencies and amounts)
[2026-02-12 13:43:47] [INFO] Validating transactions for Shape A
[2026-02-12 13:43:47] [INFO] Validation successful
[2026-02-12 13:43:47] [INFO] Normalizing transactions
[2026-02-12 13:43:47] [INFO] Normalized 30 transactions
[2026-02-12 13:43:47] [INFO] Sorting transactions chronologically
[2026-02-12 13:43:47] [INFO] Sorting complete
[2026-02-12 13:43:47] [INFO] Processing complete
[2026-02-12 13:44:22] [INFO] Processing file: test-transfers-and-flags.csv
[2026-02-12 13:44:22] [INFO] Parsing CSV file
[2026-02-12 13:44:22] [ERROR] Processing failed: CSV parsing failed: Unable to read header row
[2026-02-12 13:44:26] [INFO] Processing file: sample-transactions.csv
[2026-02-12 13:44:26] [INFO] Parsing CSV file
[2026-02-12 13:44:26] [INFO] Parsed 10 raw rows
[2026-02-12 13:44:26] [INFO] Detected format: Shape A - Standard format (from/to currencies and amounts)
[2026-02-12 13:44:26] [INFO] Validating transactions for Shape A
[2026-02-12 13:44:26] [INFO] Validation successful
[2026-02-12 13:44:26] [INFO] Normalizing transactions
[2026-02-12 13:44:26] [INFO] Normalized 10 transactions
[2026-02-12 13:44:26] [INFO] Sorting transactions chronologically
[2026-02-12 13:44:26] [INFO] Sorting complete
[2026-02-12 13:44:26] [INFO] Processing complete
[2026-02-12 14:19:48] [INFO] Processing file: test-clean-transfers.csv
[2026-02-12 14:19:48] [INFO] Parsing CSV file
[2026-02-12 14:19:48] [INFO] Parsed 20 raw rows
[2026-02-12 14:19:48] [INFO] Detected format: Shape A - Standard format (from/to currencies and amounts)
[2026-02-12 14:19:48] [INFO] Validating transactions for Shape A
[2026-02-12 14:19:48] [ERROR] Processing failed: Validation failed
[2026-02-12 14:19:56] [INFO] Processing file: test-comprehensive.csv
[2026-02-12 14:19:56] [INFO] Parsing CSV file
[2026-02-12 14:19:56] [INFO] Parsed 30 raw rows
[2026-02-12 14:19:56] [INFO] Detected format: Shape A - Standard format (from/to currencies and amounts)
[2026-02-12 14:19:56] [INFO] Validating transactions for Shape A
[2026-02-12 14:19:56] [ERROR] Processing failed: Validation failed
[2026-02-12 14:20:04] [INFO] Processing file: test-suspicious-patterns.csv
[2026-02-12 14:20:04] [INFO] Parsing CSV file
[2026-02-12 14:20:04] [INFO] Parsed 21 raw rows
[2026-02-12 14:20:04] [INFO] Detected format: Shape A - Standard format (from/to currencies and amounts)
[2026-02-12 14:20:04] [INFO] Validating transactions for Shape A
[2026-02-12 14:20:04] [ERROR] Processing failed: Validation failed
[2026-02-12 14:20:15] [INFO] Processing file: sample-transactions.csv
[2026-02-12 14:20:15] [INFO] Parsing CSV file
[2026-02-12 14:20:15] [INFO] Parsed 10 raw rows
[2026-02-12 14:20:15] [INFO] Detected format: Shape A - Standard format (from/to currencies and amounts)
[2026-02-12 14:20:15] [INFO] Validating transactions for Shape A
[2026-02-12 14:20:15] [INFO] Validation successful
[2026-02-12 14:20:15] [INFO] Normalizing transactions
[2026-02-12 14:20:15] [INFO] Normalized 10 transactions
[2026-02-12 14:20:15] [INFO] Sorting transactions chronologically
[2026-02-12 14:20:15] [INFO] Sorting complete
[2026-02-12 14:20:15] [INFO] Processing complete
[2026-02-12 14:20:29] [INFO] Processing file: test-clean-transfers.csv
[2026-02-12 14:20:29] [INFO] Parsing CSV file
[2026-02-12 14:20:29] [INFO] Parsed 20 raw rows
[2026-02-12 14:20:29] [INFO] Detected format: Shape A - Standard format (from/to currencies and amounts)
[2026-02-12 14:20:29] [INFO] Validating transactions for Shape A
[2026-02-12 14:20:29] [ERROR] Processing failed: Validation failed
[2026-02-12 14:20:50] [INFO] Processing file: test-comprehensive.csv
[2026-02-12 14:20:50] [INFO] Parsing CSV file
[2026-02-12 14:20:50] [INFO] Parsed 30 raw rows
[2026-02-12 14:20:50] [INFO] Detected format: Shape A - Standard format (from/to currencies and amounts)
[2026-02-12 14:20:50] [INFO] Validating transactions for Shape A
[2026-02-12 14:20:50] [ERROR] Processing failed: Validation failed
[2026-02-12 14:21:13] [INFO] Processing file: test-suspicious-patterns.csv
[2026-02-12 14:21:13] [INFO] Parsing CSV file
[2026-02-12 14:21:13] [INFO] Parsed 21 raw rows
[2026-02-12 14:21:13] [INFO] Detected format: Shape A - Standard format (from/to currencies and amounts)
[2026-02-12 14:21:13] [INFO] Validating transactions for Shape A
[2026-02-12 14:21:13] [ERROR] Processing failed: Validation failed
[2026-02-12 14:32:15] [INFO] Processing file: test-clean-transfers.csv
[2026-02-12 14:32:15] [INFO] Parsing CSV file
[2026-02-12 14:32:15] [INFO] Parsed 20 raw rows
[2026-02-12 14:32:15] [INFO] Detected format: Shape A - Standard format (from/to currencies and amounts)
[2026-02-12 14:32:15] [INFO] Validating transactions for Shape A
[2026-02-12 14:32:15] [INFO] Validation successful
[2026-02-12 14:32:15] [INFO] Normalizing transactions
[2026-02-12 14:32:15] [INFO] Normalized 20 transactions
[2026-02-12 14:32:15] [INFO] Sorting transactions chronologically
[2026-02-12 14:32:15] [INFO] Sorting complete
[2026-02-12 14:32:15] [INFO] Processing complete
[2026-02-12 14:32:25] [INFO] Processing file: test-comprehensive.csv
[2026-02-12 14:32:25] [INFO] Parsing CSV file
[2026-02-12 14:32:25] [INFO] Parsed 30 raw rows
[2026-02-12 14:32:25] [INFO] Detected format: Shape A - Standard format (from/to currencies and amounts)
[2026-02-12 14:32:25] [INFO] Validating transactions for Shape A
[2026-02-12 14:32:25] [INFO] Validation successful
[2026-02-12 14:32:25] [INFO] Normalizing transactions
[2026-02-12 14:32:25] [INFO] Normalized 30 transactions
[2026-02-12 14:32:25] [INFO] Sorting transactions chronologically
[2026-02-12 14:32:25] [INFO] Sorting complete
[2026-02-12 14:32:25] [INFO] Processing complete
[2026-02-12 14:32:34] [INFO] Processing file: test-suspicious-patterns.csv
[2026-02-12 14:32:34] [INFO] Parsing CSV file
[2026-02-12 14:32:35] [INFO] Parsed 21 raw rows
[2026-02-12 14:32:35] [INFO] Detected format: Shape A - Standard format (from/to currencies and amounts)
[2026-02-12 14:32:35] [INFO] Validating transactions for Shape A
[2026-02-12 14:32:35] [ERROR] Processing failed: Validation failed
[2026-02-12 15:19:27] [INFO] Processing file: test-clean-transfers.csv
[2026-02-12 15:19:27] [INFO] Parsing CSV file
[2026-02-12 15:19:27] [INFO] Parsed 20 raw rows
[2026-02-12 15:19:27] [INFO] Detected format: Shape A - Standard format (from/to currencies and amounts)
[2026-02-12 15:19:27] [INFO] Validating transactions for Shape A
[2026-02-12 15:19:27] [INFO] Validation successful
[2026-02-12 15:19:27] [INFO] Normalizing transactions
[2026-02-12 15:19:27] [INFO] Normalized 20 transactions
[2026-02-12 15:19:27] [INFO] Sorting transactions chronologically
[2026-02-12 15:19:27] [INFO] Sorting complete
[2026-02-12 15:19:27] [INFO] Processing complete
[2026-02-12 15:19:50] [INFO] Processing file: test-comprehensive.csv
[2026-02-12 15:19:50] [INFO] Parsing CSV file
[2026-02-12 15:19:50] [INFO] Parsed 30 raw rows
[2026-02-12 15:19:50] [INFO] Detected format: Shape A - Standard format (from/to currencies and amounts)
[2026-02-12 15:19:50] [INFO] Validating transactions for Shape A
[2026-02-12 15:19:50] [INFO] Validation successful
[2026-02-12 15:19:50] [INFO] Normalizing transactions
[2026-02-12 15:19:50] [INFO] Normalized 30 transactions
[2026-02-12 15:19:50] [INFO] Sorting transactions chronologically
[2026-02-12 15:19:50] [INFO] Sorting complete
[2026-02-12 15:19:50] [INFO] Processing complete
[2026-02-12 15:20:09] [INFO] Processing file: test-suspicious-patterns.csv
[2026-02-12 15:20:09] [INFO] Parsing CSV file
[2026-02-12 15:20:09] [INFO] Parsed 21 raw rows
[2026-02-12 15:20:09] [INFO] Detected format: Shape A - Standard format (from/to currencies and amounts)
[2026-02-12 15:20:09] [INFO] Validating transactions for Shape A
[2026-02-12 15:20:09] [ERROR] Processing failed: Validation failed
[2026-02-12 15:23:28] [INFO] Processing file: test-clean-transfers.csv
[2026-02-12 15:23:28] [INFO] Parsing CSV file
[2026-02-12 15:23:28] [INFO] Parsed 20 raw rows
[2026-02-12 15:23:28] [INFO] Detected format: Shape A - Standard format (from/to currencies and amounts)
[2026-02-12 15:23:28] [INFO] Validating transactions for Shape A
[2026-02-12 15:23:28] [INFO] Validation successful
[2026-02-12 15:23:28] [INFO] Normalizing transactions
[2026-02-12 15:23:28] [INFO] Normalized 20 transactions
[2026-02-12 15:23:28] [INFO] Sorting transactions chronologically
[2026-02-12 15:23:28] [INFO] Sorting complete
[2026-02-12 15:23:28] [INFO] Processing complete
[2026-02-12 15:23:39] [INFO] Processing file: test-comprehensive.csv
[2026-02-12 15:23:39] [INFO] Parsing CSV file
[2026-02-12 15:23:39] [INFO] Parsed 30 raw rows
[2026-02-12 15:23:39] [INFO] Detected format: Shape A - Standard format (from/to currencies and amounts)
[2026-02-12 15:23:39] [INFO] Validating transactions for Shape A
[2026-02-12 15:23:39] [INFO] Validation successful
[2026-02-12 15:23:39] [INFO] Normalizing transactions
[2026-02-12 15:23:39] [INFO] Normalized 30 transactions
[2026-02-12 15:23:39] [INFO] Sorting transactions chronologically
[2026-02-12 15:23:39] [INFO] Sorting complete
[2026-02-12 15:23:39] [INFO] Processing complete
[2026-02-12 15:24:04] [INFO] Processing file: test-suspicious-patterns.csv
[2026-02-12 15:24:04] [INFO] Parsing CSV file
[2026-02-12 15:24:04] [INFO] Parsed 21 raw rows
[2026-02-12 15:24:04] [INFO] Detected format: Shape A - Standard format (from/to currencies and amounts)
[2026-02-12 15:24:04] [INFO] Validating transactions for Shape A
[2026-02-12 15:24:04] [ERROR] Processing failed: Validation failed
[2026-02-12 15:27:31] [INFO] Processing file: test-clean-transfers.csv
[2026-02-12 15:27:31] [INFO] Parsing CSV file
[2026-02-12 15:27:31] [INFO] Parsed 20 raw rows
[2026-02-12 15:27:31] [INFO] Detected format: Shape A - Standard format (from/to currencies and amounts)
[2026-02-12 15:27:31] [INFO] Validating transactions for Shape A
[2026-02-12 15:27:31] [INFO] Validation successful
[2026-02-12 15:27:31] [INFO] Normalizing transactions
[2026-02-12 15:27:31] [INFO] Normalized 20 transactions
[2026-02-12 15:27:31] [INFO] Sorting transactions chronologically
[2026-02-12 15:27:31] [INFO] Sorting complete
[2026-02-12 15:27:31] [INFO] Processing complete
[2026-02-12 15:28:24] [INFO] Processing file: test-comprehensive.csv
[2026-02-12 15:28:24] [INFO] Parsing CSV file
[2026-02-12 15:28:24] [INFO] Parsed 30 raw rows
[2026-02-12 15:28:24] [INFO] Detected format: Shape A - Standard format (from/to currencies and amounts)
[2026-02-12 15:28:24] [INFO] Validating transactions for Shape A
[2026-02-12 15:28:24] [INFO] Validation successful
[2026-02-12 15:28:24] [INFO] Normalizing transactions
[2026-02-12 15:28:24] [INFO] Normalized 30 transactions
[2026-02-12 15:28:24] [INFO] Sorting transactions chronologically
[2026-02-12 15:28:24] [INFO] Sorting complete
[2026-02-12 15:28:24] [INFO] Processing complete
[2026-02-12 15:29:05] [INFO] Processing file: test-suspicious-patterns.csv
[2026-02-12 15:29:05] [INFO] Parsing CSV file
[2026-02-12 15:29:05] [INFO] Parsed 21 raw rows
[2026-02-12 15:29:05] [INFO] Detected format: Shape A - Standard format (from/to currencies and amounts)
[2026-02-12 15:29:05] [INFO] Validating transactions for Shape A
[2026-02-12 15:29:05] [INFO] Validation successful
[2026-02-12 15:29:05] [INFO] Normalizing transactions
[2026-02-12 15:29:05] [INFO] Normalized 21 transactions
[2026-02-12 15:29:05] [INFO] Sorting transactions chronologically
[2026-02-12 15:29:05] [INFO] Sorting complete
[2026-02-12 15:29:05] [INFO] Processing complete
[2026-02-12 15:36:46] [INFO] Processing file: test-clean-transfers.csv
[2026-02-12 15:36:46] [INFO] Parsing CSV file
[2026-02-12 15:36:46] [INFO] Parsed 20 raw rows
[2026-02-12 15:36:46] [INFO] Detected format: Shape A - Standard format (from/to currencies and amounts)
[2026-02-12 15:36:46] [INFO] Validating transactions for Shape A
[2026-02-12 15:36:46] [INFO] Validation successful
[2026-02-12 15:36:46] [INFO] Normalizing transactions
[2026-02-12 15:36:46] [INFO] Normalized 20 transactions
[2026-02-12 15:36:46] [INFO] Sorting transactions chronologically
[2026-02-12 15:36:46] [INFO] Sorting complete
[2026-02-12 15:36:46] [INFO] Processing complete
[2026-02-12 15:37:12] [INFO] Processing file: test-comprehensive.csv
[2026-02-12 15:37:12] [INFO] Parsing CSV file
[2026-02-12 15:37:12] [INFO] Parsed 30 raw rows
[2026-02-12 15:37:12] [INFO] Detected format: Shape A - Standard format (from/to currencies and amounts)
[2026-02-12 15:37:12] [INFO] Validating transactions for Shape A
[2026-02-12 15:37:12] [INFO] Validation successful
[2026-02-12 15:37:12] [INFO] Normalizing transactions
[2026-02-12 15:37:12] [INFO] Normalized 30 transactions
[2026-02-12 15:37:12] [INFO] Sorting transactions chronologically
[2026-02-12 15:37:12] [INFO] Sorting complete
[2026-02-12 15:37:12] [INFO] Processing complete
[2026-02-12 15:37:23] [INFO] Processing file: test-comprehensive.csv
[2026-02-12 15:37:23] [INFO] Parsing CSV file
[2026-02-12 15:37:23] [INFO] Parsed 30 raw rows
[2026-02-12 15:37:23] [INFO] Detected format: Shape A - Standard format (from/to currencies and amounts)
[2026-02-12 15:37:23] [INFO] Validating transactions for Shape A
[2026-02-12 15:37:23] [INFO] Validation successful
[2026-02-12 15:37:23] [INFO] Normalizing transactions
[2026-02-12 15:37:23] [INFO] Normalized 30 transactions
[2026-02-12 15:37:23] [INFO] Sorting transactions chronologically
[2026-02-12 15:37:23] [INFO] Sorting complete
[2026-02-12 15:37:23] [INFO] Processing complete
[2026-02-12 15:38:08] [INFO] Processing file: test-suspicious-patterns.csv
[2026-02-12 15:38:08] [INFO] Parsing CSV file
[2026-02-12 15:38:08] [INFO] Parsed 21 raw rows
[2026-02-12 15:38:08] [INFO] Detected format: Shape A - Standard format (from/to currencies and amounts)
[2026-02-12 15:38:08] [INFO] Validating transactions for Shape A
[2026-02-12 15:38:08] [INFO] Validation successful
[2026-02-12 15:38:08] [INFO] Normalizing transactions
[2026-02-12 15:38:08] [INFO] Normalized 21 transactions
[2026-02-12 15:38:08] [INFO] Sorting transactions chronologically
[2026-02-12 15:38:08] [INFO] Sorting complete
[2026-02-12 15:38:08] [INFO] Processing complete
[2026-02-12 15:38:39] [INFO] Processing file: sample-transactions.csv
[2026-02-12 15:38:39] [INFO] Parsing CSV file
[2026-02-12 15:38:39] [INFO] Parsed 10 raw rows
[2026-02-12 15:38:39] [INFO] Detected format: Shape A - Standard format (from/to currencies and amounts)
[2026-02-12 15:38:39] [INFO] Validating transactions for Shape A
[2026-02-12 15:38:39] [INFO] Validation successful
[2026-02-12 15:38:39] [INFO] Normalizing transactions
[2026-02-12 15:38:39] [INFO] Normalized 10 transactions
[2026-02-12 15:38:39] [INFO] Sorting transactions chronologically
[2026-02-12 15:38:39] [INFO] Sorting complete
[2026-02-12 15:38:39] [INFO] Processing complete
[2026-02-12 15:38:47] [INFO] Processing file: test-clean-transfers.csv
[2026-02-12 15:38:47] [INFO] Parsing CSV file
[2026-02-12 15:38:47] [INFO] Parsed 20 raw rows
[2026-02-12 15:38:47] [INFO] Detected format: Shape A - Standard format (from/to currencies and amounts)
[2026-02-12 15:38:47] [INFO] Validating transactions for Shape A
[2026-02-12 15:38:47] [INFO] Validation successful
[2026-02-12 15:38:47] [INFO] Normalizing transactions
[2026-02-12 15:38:47] [INFO] Normalized 20 transactions
[2026-02-12 15:38:47] [INFO] Sorting transactions chronologically
[2026-02-12 15:38:47] [INFO] Sorting complete
[2026-02-12 15:38:47] [INFO] Processing complete
[2026-02-12 15:39:28] [INFO] Processing file: test-exchange-format.csv
[2026-02-12 15:39:28] [INFO] Parsing CSV file
[2026-02-12 15:39:28] [INFO] Parsed 5 raw rows
[2026-02-12 15:39:28] [INFO] Detected format: Shape B - Exchange format with trading pair and both amounts
[2026-02-12 15:39:29] [INFO] Validating transactions for Shape B
[2026-02-12 15:39:29] [INFO] Validation successful
[2026-02-12 15:39:29] [INFO] Normalizing transactions
[2026-02-12 15:39:29] [INFO] Normalized 5 transactions
[2026-02-12 15:39:29] [INFO] Sorting transactions chronologically
[2026-02-12 15:39:29] [INFO] Sorting complete
[2026-02-12 15:39:29] [INFO] Processing complete
[2026-02-12 15:39:45] [INFO] Processing file: test-with-exclusion.csv
[2026-02-12 15:39:45] [INFO] Parsing CSV file
[2026-02-12 15:39:45] [INFO] Parsed 6 raw rows
[2026-02-12 15:39:45] [INFO] Detected format: Shape A - Standard format (from/to currencies and amounts)
[2026-02-12 15:39:45] [INFO] Validating transactions for Shape A
[2026-02-12 15:39:45] [INFO] Validation successful
[2026-02-12 15:39:45] [INFO] Normalizing transactions
[2026-02-12 15:39:45] [INFO] Normalized 6 transactions
[2026-02-12 15:39:45] [INFO] Sorting transactions chronologically
[2026-02-12 15:39:45] [INFO] Sorting complete
[2026-02-12 15:39:45] [INFO] Processing complete
[2026-02-12 15:42:49] [INFO] Processing file: test-comprehensive.csv
[2026-02-12 15:42:49] [INFO] Parsing CSV file
[2026-02-12 15:42:49] [INFO] Parsed 30 raw rows
[2026-02-12 15:42:49] [INFO] Detected format: Shape A - Standard format (from/to currencies and amounts)
[2026-02-12 15:42:49] [INFO] Validating transactions for Shape A
[2026-02-12 15:42:49] [INFO] Validation successful
[2026-02-12 15:42:49] [INFO] Normalizing transactions
[2026-02-12 15:42:49] [INFO] Normalized 30 transactions
[2026-02-12 15:42:49] [INFO] Sorting transactions chronologically
[2026-02-12 15:42:49] [INFO] Sorting complete
[2026-02-12 15:42:49] [INFO] Processing complete
[2026-02-12 15:43:02] [INFO] Processing file: test-suspicious-patterns.csv
[2026-02-12 15:43:02] [INFO] Parsing CSV file
[2026-02-12 15:43:02] [INFO] Parsed 21 raw rows
[2026-02-12 15:43:02] [INFO] Detected format: Shape A - Standard format (from/to currencies and amounts)
[2026-02-12 15:43:02] [INFO] Validating transactions for Shape A
[2026-02-12 15:43:02] [INFO] Validation successful
[2026-02-12 15:43:02] [INFO] Normalizing transactions
[2026-02-12 15:43:02] [INFO] Normalized 21 transactions
[2026-02-12 15:43:02] [INFO] Sorting transactions chronologically
[2026-02-12 15:43:02] [INFO] Sorting complete
[2026-02-12 15:43:02] [INFO] Processing complete
[2026-02-12 15:43:44] [INFO] Processing file: test-comprehensive.csv
[2026-02-12 15:43:44] [INFO] Parsing CSV file
[2026-02-12 15:43:44] [INFO] Parsed 30 raw rows
[2026-02-12 15:43:44] [INFO] Detected format: Shape A - Standard format (from/to currencies and amounts)
[2026-02-12 15:43:44] [INFO] Validating transactions for Shape A
[2026-02-12 15:43:44] [INFO] Validation successful
[2026-02-12 15:43:44] [INFO] Normalizing transactions
[2026-02-12 15:43:44] [INFO] Normalized 30 transactions
[2026-02-12 15:43:44] [INFO] Sorting transactions chronologically
[2026-02-12 15:43:44] [INFO] Sorting complete
[2026-02-12 15:43:44] [INFO] Processing complete
[2026-02-12 15:46:06] [INFO] Processing file: test-comprehensive.csv
[2026-02-12 15:46:06] [INFO] Parsing CSV file
[2026-02-12 15:46:06] [INFO] Parsed 30 raw rows
[2026-02-12 15:46:06] [INFO] Detected format: Shape A - Standard format (from/to currencies and amounts)
[2026-02-12 15:46:06] [INFO] Validating transactions for Shape A
[2026-02-12 15:46:06] [INFO] Validation successful
[2026-02-12 15:46:06] [INFO] Normalizing transactions
[2026-02-12 15:46:06] [INFO] Normalized 30 transactions
[2026-02-12 15:46:06] [INFO] Sorting transactions chronologically
[2026-02-12 15:46:06] [INFO] Sorting complete
[2026-02-12 15:46:06] [INFO] Processing complete
[2026-02-12 15:47:08] [INFO] Processing file: test-clean-transfers.csv
[2026-02-12 15:47:08] [INFO] Parsing CSV file
[2026-02-12 15:47:08] [INFO] Parsed 20 raw rows
[2026-02-12 15:47:08] [INFO] Detected format: Shape A - Standard format (from/to currencies and amounts)
[2026-02-12 15:47:08] [INFO] Validating transactions for Shape A
[2026-02-12 15:47:08] [INFO] Validation successful
[2026-02-12 15:47:08] [INFO] Normalizing transactions
[2026-02-12 15:47:08] [INFO] Normalized 20 transactions
[2026-02-12 15:47:08] [INFO] Sorting transactions chronologically
[2026-02-12 15:47:08] [INFO] Sorting complete
[2026-02-12 15:47:08] [INFO] Processing complete
[2026-02-12 15:53:11] [INFO] Processing file: test-suspicious-patterns.csv
[2026-02-12 15:53:11] [INFO] Parsing CSV file
[2026-02-12 15:53:11] [INFO] Parsed 21 raw rows
[2026-02-12 15:53:11] [INFO] Detected format: Shape A - Standard format (from/to currencies and amounts)
[2026-02-12 15:53:11] [INFO] Validating transactions for Shape A
[2026-02-12 15:53:11] [INFO] Validation successful
[2026-02-12 15:53:11] [INFO] Normalizing transactions
[2026-02-12 15:53:11] [INFO] Normalized 21 transactions
[2026-02-12 15:53:11] [INFO] Sorting transactions chronologically
[2026-02-12 15:53:11] [INFO] Sorting complete
[2026-02-12 15:53:11] [INFO] Processing complete
[2026-02-12 15:53:34] [INFO] Processing file: test-clean-transfers.csv
[2026-02-12 15:53:34] [INFO] Parsing CSV file
[2026-02-12 15:53:34] [INFO] Parsed 20 raw rows
[2026-02-12 15:53:34] [INFO] Detected format: Shape A - Standard format (from/to currencies and amounts)
[2026-02-12 15:53:34] [INFO] Validating transactions for Shape A
[2026-02-12 15:53:34] [INFO] Validation successful
[2026-02-12 15:53:34] [INFO] Normalizing transactions
[2026-02-12 15:53:34] [INFO] Normalized 20 transactions
[2026-02-12 15:53:34] [INFO] Sorting transactions chronologically
[2026-02-12 15:53:34] [INFO] Sorting complete
[2026-02-12 15:53:34] [INFO] Processing complete
[2026-02-12 15:55:07] [INFO] Processing file: test-demo-complete.csv
[2026-02-12 15:55:07] [INFO] Parsing CSV file
[2026-02-12 15:55:07] [INFO] Parsed 37 raw rows
[2026-02-12 15:55:07] [INFO] Detected format: Shape A - Standard format (from/to currencies and amounts)
[2026-02-12 15:55:07] [INFO] Validating transactions for Shape A
[2026-02-12 15:55:07] [ERROR] Processing failed: Validation failed
[2026-02-12 15:55:42] [INFO] Processing file: test-demo-complete.csv
[2026-02-12 15:55:42] [INFO] Parsing CSV file
[2026-02-12 15:55:42] [INFO] Parsed 37 raw rows
[2026-02-12 15:55:42] [INFO] Detected format: Shape A - Standard format (from/to currencies and amounts)
[2026-02-12 15:55:42] [INFO] Validating transactions for Shape A
[2026-02-12 15:55:42] [INFO] Validation successful
[2026-02-12 15:55:42] [INFO] Normalizing transactions
[2026-02-12 15:55:42] [INFO] Normalized 37 transactions
[2026-02-12 15:55:42] [INFO] Sorting transactions chronologically
[2026-02-12 15:55:42] [INFO] Sorting complete
[2026-02-12 15:55:42] [INFO] Processing complete
[2026-02-12 15:56:10] [INFO] Processing file: test-comprehensive.csv
[2026-02-12 15:56:10] [INFO] Parsing CSV file
[2026-02-12 15:56:10] [INFO] Parsed 30 raw rows
[2026-02-12 15:56:10] [INFO] Detected format: Shape A - Standard format (from/to currencies and amounts)
[2026-02-12 15:56:10] [INFO] Validating transactions for Shape A
[2026-02-12 15:56:10] [INFO] Validation successful
[2026-02-12 15:56:10] [INFO] Normalizing transactions
[2026-02-12 15:56:10] [INFO] Normalized 30 transactions
[2026-02-12 15:56:10] [INFO] Sorting transactions chronologically
[2026-02-12 15:56:10] [INFO] Sorting complete
[2026-02-12 15:56:10] [INFO] Processing complete
[2026-02-12 15:56:33] [INFO] Processing file: test-demo-complete.csv
[2026-02-12 15:56:33] [INFO] Parsing CSV file
[2026-02-12 15:56:33] [INFO] Parsed 37 raw rows
[2026-02-12 15:56:33] [INFO] Detected format: Shape A - Standard format (from/to currencies and amounts)
[2026-02-12 15:56:33] [INFO] Validating transactions for Shape A
[2026-02-12 15:56:33] [INFO] Validation successful
[2026-02-12 15:56:33] [INFO] Normalizing transactions
[2026-02-12 15:56:33] [INFO] Normalized 37 transactions
[2026-02-12 15:56:33] [INFO] Sorting transactions chronologically
[2026-02-12 15:56:33] [INFO] Sorting complete
[2026-02-12 15:56:33] [INFO] Processing complete
[2026-02-12 16:00:14] [INFO] Processing file: test-comprehensive.csv
[2026-02-12 16:00:14] [INFO] Parsing CSV file
[2026-02-12 16:00:14] [INFO] Parsed 30 raw rows
[2026-02-12 16:00:14] [INFO] Detected format: Shape A - Standard format (from/to currencies and amounts)
[2026-02-12 16:00:14] [INFO] Validating transactions for Shape A
[2026-02-12 16:00:14] [INFO] Validation successful
[2026-02-12 16:00:14] [INFO] Normalizing transactions
[2026-02-12 16:00:14] [INFO] Normalized 30 transactions
[2026-02-12 16:00:14] [INFO] Sorting transactions chronologically
[2026-02-12 16:00:14] [INFO] Sorting complete
[2026-02-12 16:00:14] [INFO] Processing complete
[2026-02-12 16:00:30] [INFO] Processing file: test-suspicious-patterns.csv
[2026-02-12 16:00:30] [INFO] Parsing CSV file
[2026-02-12 16:00:30] [INFO] Parsed 21 raw rows
[2026-02-12 16:00:30] [INFO] Detected format: Shape A - Standard format (from/to currencies and amounts)
[2026-02-12 16:00:30] [INFO] Validating transactions for Shape A
[2026-02-12 16:00:30] [INFO] Validation successful
[2026-02-12 16:00:30] [INFO] Normalizing transactions
[2026-02-12 16:00:30] [INFO] Normalized 21 transactions
[2026-02-12 16:00:30] [INFO] Sorting transactions chronologically
[2026-02-12 16:00:30] [INFO] Sorting complete
[2026-02-12 16:00:30] [INFO] Processing complete
